<?xml version="1.0" encoding="UTF-8"?>
<testng-results ignored="2" total="25" passed="22" failed="1" skipped="0">
  <reporter-output>
    <line>
      <![CDATA[Method name is - registrationFailCommonPassword]]>
    </line>
    <line>
      <![CDATA[[09.01.2023 - 17:23:45] Trying to click on Element with the 'by' locator: By.xpath: //vaadin-tab[2]]]>
    </line>
    <line>
      <![CDATA[[09.01.2023 - 17:23:46] Typing following text: 12345678]]>
    </line>
    <line>
      <![CDATA[[09.01.2023 - 17:23:46] Typing following text: 12345678]]>
    </line>
    <line>
      <![CDATA[[09.01.2023 - 17:23:46] Trying to click on Element with the 'by' locator: By.xpath: //vaadin-button]]>
    </line>
    <line>
      <![CDATA[[09.01.2023 - 17:23:47] Trying to get the Text of element with the 'by' locator: By.xpath: //vaadin-password-field[1]]]>
    </line>
    <line>
      <![CDATA[[09.01.2023 - 17:23:47] Trying to get the Text of element with the 'by' locator: By.xpath: //vaadin-password-field[2]]]>
    </line>
    <line>
      <![CDATA[<a href='../../tmp/uploads/screenshots/registrationFailCommonPassword-23_01_09_17_23_47_351.png'> <img src='../../tmp/uploads/screenshots/registrationFailCommonPassword-23_01_09_17_23_47_351.png' height='100' width='100'/> </a>]]>
    </line>
    <line>
      <![CDATA[Method name is - registrationFailEmail]]>
    </line>
    <line>
      <![CDATA[[09.01.2023 - 17:23:47] Trying to click on Element with the 'by' locator: By.xpath: //vaadin-tab[2]]]>
    </line>
    <line>
      <![CDATA[[09.01.2023 - 17:23:47] Trying to click on Element with the 'by' locator: By.xpath: //vaadin-button]]>
    </line>
    <line>
      <![CDATA[[09.01.2023 - 17:23:48] Trying to get the Text of element with the 'by' locator: By.xpath: //vaadin-email-field]]>
    </line>
    <line>
      <![CDATA[<a href='../../tmp/uploads/screenshots/registrationFailEmail-23_01_09_17_23_48_425.png'> <img src='../../tmp/uploads/screenshots/registrationFailEmail-23_01_09_17_23_48_425.png' height='100' width='100'/> </a>]]>
    </line>
    <line>
      <![CDATA[Method name is - registrationFailName]]>
    </line>
    <line>
      <![CDATA[[09.01.2023 - 17:23:48] Trying to click on Element with the 'by' locator: By.xpath: //vaadin-tab[2]]]>
    </line>
    <line>
      <![CDATA[[09.01.2023 - 17:23:48] Trying to click on Element with the 'by' locator: By.xpath: //vaadin-button]]>
    </line>
    <line>
      <![CDATA[[09.01.2023 - 17:23:49] Trying to get the Text of element with the 'by' locator: By.xpath: //vaadin-text-field]]>
    </line>
    <line>
      <![CDATA[<a href='../../tmp/uploads/screenshots/registrationFailName-23_01_09_17_23_49_507.png'> <img src='../../tmp/uploads/screenshots/registrationFailName-23_01_09_17_23_49_507.png' height='100' width='100'/> </a>]]>
    </line>
    <line>
      <![CDATA[Method name is - registrationFailPassword]]>
    </line>
    <line>
      <![CDATA[[09.01.2023 - 17:23:49] Trying to click on Element with the 'by' locator: By.xpath: //vaadin-tab[2]]]>
    </line>
    <line>
      <![CDATA[[09.01.2023 - 17:23:49] Trying to click on Element with the 'by' locator: By.xpath: //vaadin-button]]>
    </line>
    <line>
      <![CDATA[[09.01.2023 - 17:23:50] Trying to get the Text of element with the 'by' locator: By.xpath: //vaadin-password-field[1]]]>
    </line>
    <line>
      <![CDATA[[09.01.2023 - 17:23:50] Trying to get the Text of element with the 'by' locator: By.xpath: //vaadin-password-field[2]]]>
    </line>
    <line>
      <![CDATA[<a href='../../tmp/uploads/screenshots/registrationFailPassword-23_01_09_17_23_50_617.png'> <img src='../../tmp/uploads/screenshots/registrationFailPassword-23_01_09_17_23_50_617.png' height='100' width='100'/> </a>]]>
    </line>
    <line>
      <![CDATA[Method name is - registrationFailWrongFormat]]>
    </line>
    <line>
      <![CDATA[[09.01.2023 - 17:23:50] Trying to click on Element with the 'by' locator: By.xpath: //vaadin-tab[2]]]>
    </line>
    <line>
      <![CDATA[[09.01.2023 - 17:23:50] Typing following text: -]]>
    </line>
    <line>
      <![CDATA[[09.01.2023 - 17:23:50] Typing following text: 12345678]]>
    </line>
    <line>
      <![CDATA[[09.01.2023 - 17:23:51] Trying to click on Element with the 'by' locator: By.xpath: //vaadin-button]]>
    </line>
    <line>
      <![CDATA[[09.01.2023 - 17:23:51] Trying to get the Text of element with the 'by' locator: By.xpath: //vaadin-text-field]]>
    </line>
    <line>
      <![CDATA[[09.01.2023 - 17:23:51] Trying to get the Text of element with the 'by' locator: By.xpath: //vaadin-email-field]]>
    </line>
    <line>
      <![CDATA[<a href='../../tmp/uploads/screenshots/registrationFailWrongFormat-23_01_09_17_23_51_867.png'> <img src='../../tmp/uploads/screenshots/registrationFailWrongFormat-23_01_09_17_23_51_867.png' height='100' width='100'/> </a>]]>
    </line>
    <line>
      <![CDATA[Method name is - registrationFailWrongFormat2]]>
    </line>
    <line>
      <![CDATA[[09.01.2023 - 17:23:52] Trying to click on Element with the 'by' locator: By.xpath: //vaadin-tab[2]]]>
    </line>
    <line>
      <![CDATA[[09.01.2023 - 17:23:52] Typing following text: *-*]]>
    </line>
    <line>
      <![CDATA[[09.01.2023 - 17:23:52] Typing following text: name]]>
    </line>
    <line>
      <![CDATA[[09.01.2023 - 17:23:52] Trying to click on Element with the 'by' locator: By.xpath: //vaadin-button]]>
    </line>
    <line>
      <![CDATA[[09.01.2023 - 17:23:52] Trying to get the Text of element with the 'by' locator: By.xpath: //vaadin-text-field]]>
    </line>
    <line>
      <![CDATA[[09.01.2023 - 17:23:52] Trying to get the Text of element with the 'by' locator: By.xpath: //vaadin-email-field]]>
    </line>
    <line>
      <![CDATA[<a href='../../tmp/uploads/screenshots/registrationFailWrongFormat2-23_01_09_17_23_53_100.png'> <img src='../../tmp/uploads/screenshots/registrationFailWrongFormat2-23_01_09_17_23_53_100.png' height='100' width='100'/> </a>]]>
    </line>
    <line>
      <![CDATA[Method name is - tabTest]]>
    </line>
    <line>
      <![CDATA[[09.01.2023 - 17:23:53] Trying to click on Element with the 'by' locator: By.xpath: //vaadin-tab[2]]]>
    </line>
    <line>
      <![CDATA[[09.01.2023 - 17:23:53] Trying to get the Text of element with the 'by' locator: By.xpath: //vaadin-tab[1]]]>
    </line>
    <line>
      <![CDATA[[09.01.2023 - 17:23:53] Trying to get the Text of element with the 'by' locator: By.xpath: //vaadin-tab[2]]]>
    </line>
    <line>
      <![CDATA[<a href='../../tmp/uploads/screenshots/tabTest-23_01_09_17_23_53_555.png'> <img src='../../tmp/uploads/screenshots/tabTest-23_01_09_17_23_53_555.png' height='100' width='100'/> </a>]]>
    </line>
    <line>
      <![CDATA[Method name is - titleHeadline]]>
    </line>
    <line>
      <![CDATA[[09.01.2023 - 17:23:53] Trying to click on Element with the 'by' locator: By.xpath: //vaadin-tab[2]]]>
    </line>
    <line>
      <![CDATA[[09.01.2023 - 17:23:53] Trying to get the Text of element with the 'by' locator: By.xpath: /html/body/vaadin-vertical-layout/vaadin-vertical-layout/h1]]>
    </line>
    <line>
      <![CDATA[<a href='../../tmp/uploads/screenshots/titleHeadline-23_01_09_17_23_54_004.png'> <img src='../../tmp/uploads/screenshots/titleHeadline-23_01_09_17_23_54_004.png' height='100' width='100'/> </a>]]>
    </line>
    <line>
      <![CDATA[Method name is - registrationFailCommonPassword]]>
    </line>
    <line>
      <![CDATA[[09.01.2023 - 17:23:57] Typing following text: 12345678]]>
    </line>
    <line>
      <![CDATA[[09.01.2023 - 17:23:58] Typing following text: 12345678]]>
    </line>
    <line>
      <![CDATA[[09.01.2023 - 17:23:58] Trying to click on Element with the 'by' locator: By.xpath: //vaadin-button]]>
    </line>
    <line>
      <![CDATA[[09.01.2023 - 17:23:58] Trying to get the Text of element with the 'by' locator: By.xpath: //vaadin-password-field[1]]]>
    </line>
    <line>
      <![CDATA[[09.01.2023 - 17:23:58] Trying to get the Text of element with the 'by' locator: By.xpath: //vaadin-password-field[2]]]>
    </line>
    <line>
      <![CDATA[<a href='../../tmp/uploads/screenshots/registrationFailCommonPassword-23_01_09_17_23_59_119.png'> <img src='../../tmp/uploads/screenshots/registrationFailCommonPassword-23_01_09_17_23_59_119.png' height='100' width='100'/> </a>]]>
    </line>
    <line>
      <![CDATA[Method name is - registrationFailEmail]]>
    </line>
    <line>
      <![CDATA[[09.01.2023 - 17:23:59] Trying to click on Element with the 'by' locator: By.xpath: //vaadin-button]]>
    </line>
    <line>
      <![CDATA[[09.01.2023 - 17:23:59] Trying to get the Text of element with the 'by' locator: By.xpath: //vaadin-email-field]]>
    </line>
    <line>
      <![CDATA[<a href='../../tmp/uploads/screenshots/registrationFailEmail-23_01_09_17_24_00_110.png'> <img src='../../tmp/uploads/screenshots/registrationFailEmail-23_01_09_17_24_00_110.png' height='100' width='100'/> </a>]]>
    </line>
    <line>
      <![CDATA[Method name is - registrationFailName]]>
    </line>
    <line>
      <![CDATA[[09.01.2023 - 17:24:00] Trying to click on Element with the 'by' locator: By.xpath: //vaadin-button]]>
    </line>
    <line>
      <![CDATA[[09.01.2023 - 17:24:00] Trying to get the Text of element with the 'by' locator: By.xpath: //vaadin-text-field[2]]]>
    </line>
    <line>
      <![CDATA[[09.01.2023 - 17:24:00] Trying to get the Text of element with the 'by' locator: By.xpath: //vaadin-text-field[1]]]>
    </line>
    <line>
      <![CDATA[<a href='../../tmp/uploads/screenshots/registrationFailName-23_01_09_17_24_01_128.png'> <img src='../../tmp/uploads/screenshots/registrationFailName-23_01_09_17_24_01_128.png' height='100' width='100'/> </a>]]>
    </line>
    <line>
      <![CDATA[Method name is - registrationFailPassword]]>
    </line>
    <line>
      <![CDATA[[09.01.2023 - 17:24:01] Trying to click on Element with the 'by' locator: By.xpath: //vaadin-button]]>
    </line>
    <line>
      <![CDATA[[09.01.2023 - 17:24:01] Trying to get the Text of element with the 'by' locator: By.xpath: //vaadin-password-field[1]]]>
    </line>
    <line>
      <![CDATA[[09.01.2023 - 17:24:01] Trying to get the Text of element with the 'by' locator: By.xpath: //vaadin-password-field[2]]]>
    </line>
    <line>
      <![CDATA[<a href='../../tmp/uploads/screenshots/registrationFailPassword-23_01_09_17_24_02_111.png'> <img src='../../tmp/uploads/screenshots/registrationFailPassword-23_01_09_17_24_02_111.png' height='100' width='100'/> </a>]]>
    </line>
    <line>
      <![CDATA[Method name is - registrationFailWrongFormat]]>
    </line>
    <line>
      <![CDATA[[09.01.2023 - 17:24:02] Typing following text: 12345678]]>
    </line>
    <line>
      <![CDATA[[09.01.2023 - 17:24:02] Typing following text: 12345678]]>
    </line>
    <line>
      <![CDATA[[09.01.2023 - 17:24:02] Typing following text: 12345678]]>
    </line>
    <line>
      <![CDATA[[09.01.2023 - 17:24:02] Trying to click on Element with the 'by' locator: By.xpath: //vaadin-button]]>
    </line>
    <line>
      <![CDATA[[09.01.2023 - 17:24:03] Trying to get the Text of element with the 'by' locator: By.xpath: //vaadin-text-field[1]]]>
    </line>
    <line>
      <![CDATA[[09.01.2023 - 17:24:03] Trying to get the Text of element with the 'by' locator: By.xpath: //vaadin-text-field[2]]]>
    </line>
    <line>
      <![CDATA[[09.01.2023 - 17:24:03] Trying to get the Text of element with the 'by' locator: By.xpath: //vaadin-email-field]]>
    </line>
    <line>
      <![CDATA[<a href='../../tmp/uploads/screenshots/registrationFailWrongFormat-23_01_09_17_24_03_478.png'> <img src='../../tmp/uploads/screenshots/registrationFailWrongFormat-23_01_09_17_24_03_478.png' height='100' width='100'/> </a>]]>
    </line>
    <line>
      <![CDATA[Method name is - registrationFailWrongFormat2]]>
    </line>
    <line>
      <![CDATA[[09.01.2023 - 17:24:03] Typing following text: *-*]]>
    </line>
    <line>
      <![CDATA[[09.01.2023 - 17:24:03] Typing following text: *-*]]>
    </line>
    <line>
      <![CDATA[[09.01.2023 - 17:24:03] Typing following text: name]]>
    </line>
    <line>
      <![CDATA[[09.01.2023 - 17:24:03] Trying to click on Element with the 'by' locator: By.xpath: //vaadin-button]]>
    </line>
    <line>
      <![CDATA[[09.01.2023 - 17:24:04] Trying to get the Text of element with the 'by' locator: By.xpath: //vaadin-text-field[1]]]>
    </line>
    <line>
      <![CDATA[[09.01.2023 - 17:24:04] Trying to get the Text of element with the 'by' locator: By.xpath: //vaadin-text-field[2]]]>
    </line>
    <line>
      <![CDATA[[09.01.2023 - 17:24:04] Trying to get the Text of element with the 'by' locator: By.xpath: //vaadin-email-field]]>
    </line>
    <line>
      <![CDATA[<a href='../../tmp/uploads/screenshots/registrationFailWrongFormat2-23_01_09_17_24_04_783.png'> <img src='../../tmp/uploads/screenshots/registrationFailWrongFormat2-23_01_09_17_24_04_783.png' height='100' width='100'/> </a>]]>
    </line>
    <line>
      <![CDATA[Method name is - tabTest]]>
    </line>
    <line>
      <![CDATA[[09.01.2023 - 17:24:04] Trying to get the Text of element with the 'by' locator: By.xpath: //vaadin-tab[1]]]>
    </line>
    <line>
      <![CDATA[[09.01.2023 - 17:24:05] Trying to get the Text of element with the 'by' locator: By.xpath: //vaadin-tab[2]]]>
    </line>
    <line>
      <![CDATA[<a href='../../tmp/uploads/screenshots/tabTest-23_01_09_17_24_05_217.png'> <img src='../../tmp/uploads/screenshots/tabTest-23_01_09_17_24_05_217.png' height='100' width='100'/> </a>]]>
    </line>
    <line>
      <![CDATA[Method name is - titleHeadline]]>
    </line>
    <line>
      <![CDATA[[09.01.2023 - 17:24:05] Trying to get the Text of element with the 'by' locator: By.xpath: /html/body/vaadin-vertical-layout/vaadin-vertical-layout/h1]]>
    </line>
    <line>
      <![CDATA[<a href='../../tmp/uploads/screenshots/titleHeadline-23_01_09_17_24_05_609.png'> <img src='../../tmp/uploads/screenshots/titleHeadline-23_01_09_17_24_05_609.png' height='100' width='100'/> </a>]]>
    </line>
    <line>
      <![CDATA[Method name is - forwardRegTest]]>
    </line>
    <line>
      <![CDATA[[09.01.2023 - 17:24:08] http://localhost:8080/login]]>
    </line>
    <line>
      <![CDATA[[09.01.2023 - 17:24:09] Trying to click on Element with the 'by' locator: By.xpath: /html/body/vaadin-vertical-layout/vaadin-button]]>
    </line>
    <line>
      <![CDATA[[09.01.2023 - 17:24:09] Trying to get the Text of element with the 'by' locator: By.xpath: /html/body/vaadin-vertical-layout/vaadin-vertical-layout/h1]]>
    </line>
    <line>
      <![CDATA[<a href='../../tmp/uploads/screenshots/forwardRegTest-23_01_09_17_24_10_521.png'> <img src='../../tmp/uploads/screenshots/forwardRegTest-23_01_09_17_24_10_521.png' height='100' width='100'/> </a>]]>
    </line>
    <line>
      <![CDATA[Method name is - registrationCorrect]]>
    </line>
    <line>
      <![CDATA[[09.01.2023 - 17:24:10] Trying to click on Element with the 'by' locator: By.xpath: //vaadin-tab[2]]]>
    </line>
    <line>
      <![CDATA[[09.01.2023 - 17:24:10] Typing following text: Business]]>
    </line>
    <line>
      <![CDATA[[09.01.2023 - 17:24:10] Typing following text: test@test.com]]>
    </line>
    <line>
      <![CDATA[[09.01.2023 - 17:24:10] Trying to click on Element with the 'by' locator: By.xpath: //vaadin-button]]>
    </line>
    <line>
      <![CDATA[[09.01.2023 - 17:24:11] Trying to get the Text of element with the 'by' locator: By.xpath: //vaadin-text-field]]>
    </line>
    <line>
      <![CDATA[[09.01.2023 - 17:24:11] Trying to get the Text of element with the 'by' locator: By.xpath: //vaadin-email-field]]>
    </line>
    <line>
      <![CDATA[<a href='../../tmp/uploads/screenshots/registrationCorrect-23_01_09_17_24_11_760.png'> <img src='../../tmp/uploads/screenshots/registrationCorrect-23_01_09_17_24_11_760.png' height='100' width='100'/> </a>]]>
    </line>
    <line>
      <![CDATA[Method name is - registrationCorrectFormat]]>
    </line>
    <line>
      <![CDATA[[09.01.2023 - 17:24:11] Trying to click on Element with the 'by' locator: By.xpath: //vaadin-tab[2]]]>
    </line>
    <line>
      <![CDATA[[09.01.2023 - 17:24:11] Typing following text: Business]]>
    </line>
    <line>
      <![CDATA[[09.01.2023 - 17:24:12] Typing following text: test@test.com]]>
    </line>
    <line>
      <![CDATA[[09.01.2023 - 17:24:12] Trying to click on Element with the 'by' locator: By.xpath: //vaadin-button]]>
    </line>
    <line>
      <![CDATA[[09.01.2023 - 17:24:12] Trying to get the Text of element with the 'by' locator: By.xpath: //vaadin-text-field]]>
    </line>
    <line>
      <![CDATA[[09.01.2023 - 17:24:12] Trying to get the Text of element with the 'by' locator: By.xpath: //vaadin-email-field]]>
    </line>
    <line>
      <![CDATA[<a href='../../tmp/uploads/screenshots/registrationCorrectFormat-23_01_09_17_24_12_953.png'> <img src='../../tmp/uploads/screenshots/registrationCorrectFormat-23_01_09_17_24_12_953.png' height='100' width='100'/> </a>]]>
    </line>
    <line>
      <![CDATA[Method name is - tabTest]]>
    </line>
    <line>
      <![CDATA[[09.01.2023 - 17:24:13] Trying to click on Element with the 'by' locator: By.xpath: //vaadin-tab[2]]]>
    </line>
    <line>
      <![CDATA[[09.01.2023 - 17:24:13] Trying to get the Text of element with the 'by' locator: By.xpath: //vaadin-tab[1]]]>
    </line>
    <line>
      <![CDATA[[09.01.2023 - 17:24:13] Trying to get the Text of element with the 'by' locator: By.xpath: //vaadin-tab[2]]]>
    </line>
    <line>
      <![CDATA[<a href='../../tmp/uploads/screenshots/tabTest-23_01_09_17_24_13_427.png'> <img src='../../tmp/uploads/screenshots/tabTest-23_01_09_17_24_13_427.png' height='100' width='100'/> </a>]]>
    </line>
    <line>
      <![CDATA[Method name is - forwardRegTest]]>
    </line>
    <line>
      <![CDATA[[09.01.2023 - 17:24:16] http://localhost:8080/login]]>
    </line>
    <line>
      <![CDATA[[09.01.2023 - 17:24:16] Trying to click on Element with the 'by' locator: By.xpath: /html/body/vaadin-vertical-layout/vaadin-button]]>
    </line>
    <line>
      <![CDATA[[09.01.2023 - 17:24:17] Trying to get the Text of element with the 'by' locator: By.xpath: /html/body/vaadin-vertical-layout/vaadin-vertical-layout/h1]]>
    </line>
    <line>
      <![CDATA[<a href='../../tmp/uploads/screenshots/forwardRegTest-23_01_09_17_24_19_591.png'> <img src='../../tmp/uploads/screenshots/forwardRegTest-23_01_09_17_24_19_591.png' height='100' width='100'/> </a>]]>
    </line>
    <line>
      <![CDATA[Method name is - registrationCorrect]]>
    </line>
    <line>
      <![CDATA[[09.01.2023 - 17:24:19] Typing following text: Firstname]]>
    </line>
    <line>
      <![CDATA[[09.01.2023 - 17:24:19] Typing following text: Surname]]>
    </line>
    <line>
      <![CDATA[[09.01.2023 - 17:24:20] Typing following text: test@test.com]]>
    </line>
    <line>
      <![CDATA[[09.01.2023 - 17:24:20] Trying to click on Element with the 'by' locator: By.xpath: //vaadin-button]]>
    </line>
    <line>
      <![CDATA[[09.01.2023 - 17:24:20] Trying to get the Text of element with the 'by' locator: By.xpath: //vaadin-text-field[1]]]>
    </line>
    <line>
      <![CDATA[[09.01.2023 - 17:24:20] Trying to get the Text of element with the 'by' locator: By.xpath: //vaadin-text-field[2]]]>
    </line>
    <line>
      <![CDATA[[09.01.2023 - 17:24:20] Trying to get the Text of element with the 'by' locator: By.xpath: //vaadin-email-field]]>
    </line>
    <line>
      <![CDATA[<a href='../../tmp/uploads/screenshots/registrationCorrect-23_01_09_17_24_21_012.png'> <img src='../../tmp/uploads/screenshots/registrationCorrect-23_01_09_17_24_21_012.png' height='100' width='100'/> </a>]]>
    </line>
    <line>
      <![CDATA[Method name is - test1]]>
    </line>
    <line>
      <![CDATA[[09.01.2023 - 17:24:24] http://localhost:8080/login]]>
    </line>
    <line>
      <![CDATA[[09.01.2023 - 17:24:24] Typing following text: jobad@...]]>
    </line>
    <line>
      <![CDATA[<a href='../../tmp/uploads/screenshots/test1-23_01_09_17_24_25_313.png'> <img src='../../tmp/uploads/screenshots/test1-23_01_09_17_24_25_313.png' height='100' width='100'/> </a>]]>
    </line>
  </reporter-output>
  <suite started-at="2023-01-09T17:23:40 MEZ" name="Rabbyte Automation Test" finished-at="2023-01-09T17:24:26 MEZ" duration-ms="45241">
    <groups>
    </groups>
    <test started-at="2023-01-09T17:23:40 MEZ" name="Rabbyte Selenium" finished-at="2023-01-09T17:24:26 MEZ" duration-ms="45241">
      <class name="selenium.tests.RegistrationInvalidStudent">
        <test-method is-config="true" signature="setup(java.lang.String)[pri:0, instance:selenium.tests.RegistrationInvalidStudent@312aa7c]" started-at="2023-01-09T17:23:54 MEZ" name="setup" finished-at="2023-01-09T17:23:57 MEZ" duration-ms="2627" status="PASS">
          <params>
            <param index="0">
              <value>
                <![CDATA[chrome]]>
              </value>
            </param>
          </params>
          <reporter-output>
          </reporter-output>
        </test-method> <!-- setup -->
        <test-method signature="registrationFailCommonPassword()[pri:0, instance:selenium.tests.RegistrationInvalidStudent@312aa7c]" started-at="2023-01-09T17:23:57 MEZ" name="registrationFailCommonPassword" finished-at="2023-01-09T17:23:58 MEZ" duration-ms="1621" status="PASS">
          <reporter-output>
            <line>
              <![CDATA[Method name is - registrationFailCommonPassword]]>
            </line>
            <line>
              <![CDATA[[09.01.2023 - 17:23:57] Typing following text: 12345678]]>
            </line>
            <line>
              <![CDATA[[09.01.2023 - 17:23:58] Typing following text: 12345678]]>
            </line>
            <line>
              <![CDATA[[09.01.2023 - 17:23:58] Trying to click on Element with the 'by' locator: By.xpath: //vaadin-button]]>
            </line>
            <line>
              <![CDATA[[09.01.2023 - 17:23:58] Trying to get the Text of element with the 'by' locator: By.xpath: //vaadin-password-field[1]]]>
            </line>
            <line>
              <![CDATA[[09.01.2023 - 17:23:58] Trying to get the Text of element with the 'by' locator: By.xpath: //vaadin-password-field[2]]]>
            </line>
            <line>
              <![CDATA[<a href='../../tmp/uploads/screenshots/registrationFailCommonPassword-23_01_09_17_23_59_119.png'> <img src='../../tmp/uploads/screenshots/registrationFailCommonPassword-23_01_09_17_23_59_119.png' height='100' width='100'/> </a>]]>
            </line>
          </reporter-output>
        </test-method> <!-- registrationFailCommonPassword -->
        <test-method signature="registrationFailEmail()[pri:0, instance:selenium.tests.RegistrationInvalidStudent@312aa7c]" started-at="2023-01-09T17:23:59 MEZ" name="registrationFailEmail" finished-at="2023-01-09T17:23:59 MEZ" duration-ms="841" status="PASS">
          <reporter-output>
            <line>
              <![CDATA[Method name is - registrationFailEmail]]>
            </line>
            <line>
              <![CDATA[[09.01.2023 - 17:23:59] Trying to click on Element with the 'by' locator: By.xpath: //vaadin-button]]>
            </line>
            <line>
              <![CDATA[[09.01.2023 - 17:23:59] Trying to get the Text of element with the 'by' locator: By.xpath: //vaadin-email-field]]>
            </line>
            <line>
              <![CDATA[<a href='../../tmp/uploads/screenshots/registrationFailEmail-23_01_09_17_24_00_110.png'> <img src='../../tmp/uploads/screenshots/registrationFailEmail-23_01_09_17_24_00_110.png' height='100' width='100'/> </a>]]>
            </line>
          </reporter-output>
        </test-method> <!-- registrationFailEmail -->
        <test-method signature="registrationFailName()[pri:0, instance:selenium.tests.RegistrationInvalidStudent@312aa7c]" started-at="2023-01-09T17:24:00 MEZ" name="registrationFailName" finished-at="2023-01-09T17:24:00 MEZ" duration-ms="866" status="PASS">
          <reporter-output>
            <line>
              <![CDATA[Method name is - registrationFailName]]>
            </line>
            <line>
              <![CDATA[[09.01.2023 - 17:24:00] Trying to click on Element with the 'by' locator: By.xpath: //vaadin-button]]>
            </line>
            <line>
              <![CDATA[[09.01.2023 - 17:24:00] Trying to get the Text of element with the 'by' locator: By.xpath: //vaadin-text-field[2]]]>
            </line>
            <line>
              <![CDATA[[09.01.2023 - 17:24:00] Trying to get the Text of element with the 'by' locator: By.xpath: //vaadin-text-field[1]]]>
            </line>
            <line>
              <![CDATA[<a href='../../tmp/uploads/screenshots/registrationFailName-23_01_09_17_24_01_128.png'> <img src='../../tmp/uploads/screenshots/registrationFailName-23_01_09_17_24_01_128.png' height='100' width='100'/> </a>]]>
            </line>
          </reporter-output>
        </test-method> <!-- registrationFailName -->
        <test-method signature="registrationFailPassword()[pri:0, instance:selenium.tests.RegistrationInvalidStudent@312aa7c]" started-at="2023-01-09T17:24:01 MEZ" name="registrationFailPassword" finished-at="2023-01-09T17:24:01 MEZ" duration-ms="837" status="PASS">
          <reporter-output>
            <line>
              <![CDATA[Method name is - registrationFailPassword]]>
            </line>
            <line>
              <![CDATA[[09.01.2023 - 17:24:01] Trying to click on Element with the 'by' locator: By.xpath: //vaadin-button]]>
            </line>
            <line>
              <![CDATA[[09.01.2023 - 17:24:01] Trying to get the Text of element with the 'by' locator: By.xpath: //vaadin-password-field[1]]]>
            </line>
            <line>
              <![CDATA[[09.01.2023 - 17:24:01] Trying to get the Text of element with the 'by' locator: By.xpath: //vaadin-password-field[2]]]>
            </line>
            <line>
              <![CDATA[<a href='../../tmp/uploads/screenshots/registrationFailPassword-23_01_09_17_24_02_111.png'> <img src='../../tmp/uploads/screenshots/registrationFailPassword-23_01_09_17_24_02_111.png' height='100' width='100'/> </a>]]>
            </line>
          </reporter-output>
        </test-method> <!-- registrationFailPassword -->
        <test-method signature="registrationFailWrongFormat()[pri:0, instance:selenium.tests.RegistrationInvalidStudent@312aa7c]" started-at="2023-01-09T17:24:02 MEZ" name="registrationFailWrongFormat" finished-at="2023-01-09T17:24:03 MEZ" duration-ms="1186" status="PASS">
          <reporter-output>
            <line>
              <![CDATA[Method name is - registrationFailWrongFormat]]>
            </line>
            <line>
              <![CDATA[[09.01.2023 - 17:24:02] Typing following text: 12345678]]>
            </line>
            <line>
              <![CDATA[[09.01.2023 - 17:24:02] Typing following text: 12345678]]>
            </line>
            <line>
              <![CDATA[[09.01.2023 - 17:24:02] Typing following text: 12345678]]>
            </line>
            <line>
              <![CDATA[[09.01.2023 - 17:24:02] Trying to click on Element with the 'by' locator: By.xpath: //vaadin-button]]>
            </line>
            <line>
              <![CDATA[[09.01.2023 - 17:24:03] Trying to get the Text of element with the 'by' locator: By.xpath: //vaadin-text-field[1]]]>
            </line>
            <line>
              <![CDATA[[09.01.2023 - 17:24:03] Trying to get the Text of element with the 'by' locator: By.xpath: //vaadin-text-field[2]]]>
            </line>
            <line>
              <![CDATA[[09.01.2023 - 17:24:03] Trying to get the Text of element with the 'by' locator: By.xpath: //vaadin-email-field]]>
            </line>
            <line>
              <![CDATA[<a href='../../tmp/uploads/screenshots/registrationFailWrongFormat-23_01_09_17_24_03_478.png'> <img src='../../tmp/uploads/screenshots/registrationFailWrongFormat-23_01_09_17_24_03_478.png' height='100' width='100'/> </a>]]>
            </line>
          </reporter-output>
        </test-method> <!-- registrationFailWrongFormat -->
        <test-method signature="registrationFailWrongFormat2()[pri:0, instance:selenium.tests.RegistrationInvalidStudent@312aa7c]" started-at="2023-01-09T17:24:03 MEZ" name="registrationFailWrongFormat2" finished-at="2023-01-09T17:24:04 MEZ" duration-ms="1151" status="PASS">
          <reporter-output>
            <line>
              <![CDATA[Method name is - registrationFailWrongFormat2]]>
            </line>
            <line>
              <![CDATA[[09.01.2023 - 17:24:03] Typing following text: *-*]]>
            </line>
            <line>
              <![CDATA[[09.01.2023 - 17:24:03] Typing following text: *-*]]>
            </line>
            <line>
              <![CDATA[[09.01.2023 - 17:24:03] Typing following text: name]]>
            </line>
            <line>
              <![CDATA[[09.01.2023 - 17:24:03] Trying to click on Element with the 'by' locator: By.xpath: //vaadin-button]]>
            </line>
            <line>
              <![CDATA[[09.01.2023 - 17:24:04] Trying to get the Text of element with the 'by' locator: By.xpath: //vaadin-text-field[1]]]>
            </line>
            <line>
              <![CDATA[[09.01.2023 - 17:24:04] Trying to get the Text of element with the 'by' locator: By.xpath: //vaadin-text-field[2]]]>
            </line>
            <line>
              <![CDATA[[09.01.2023 - 17:24:04] Trying to get the Text of element with the 'by' locator: By.xpath: //vaadin-email-field]]>
            </line>
            <line>
              <![CDATA[<a href='../../tmp/uploads/screenshots/registrationFailWrongFormat2-23_01_09_17_24_04_783.png'> <img src='../../tmp/uploads/screenshots/registrationFailWrongFormat2-23_01_09_17_24_04_783.png' height='100' width='100'/> </a>]]>
            </line>
          </reporter-output>
        </test-method> <!-- registrationFailWrongFormat2 -->
        <test-method signature="tabTest()[pri:0, instance:selenium.tests.RegistrationInvalidStudent@312aa7c]" started-at="2023-01-09T17:24:04 MEZ" name="tabTest" finished-at="2023-01-09T17:24:05 MEZ" duration-ms="269" status="PASS">
          <reporter-output>
            <line>
              <![CDATA[Method name is - tabTest]]>
            </line>
            <line>
              <![CDATA[[09.01.2023 - 17:24:04] Trying to get the Text of element with the 'by' locator: By.xpath: //vaadin-tab[1]]]>
            </line>
            <line>
              <![CDATA[[09.01.2023 - 17:24:05] Trying to get the Text of element with the 'by' locator: By.xpath: //vaadin-tab[2]]]>
            </line>
            <line>
              <![CDATA[<a href='../../tmp/uploads/screenshots/tabTest-23_01_09_17_24_05_217.png'> <img src='../../tmp/uploads/screenshots/tabTest-23_01_09_17_24_05_217.png' height='100' width='100'/> </a>]]>
            </line>
          </reporter-output>
        </test-method> <!-- tabTest -->
        <test-method signature="titleHeadline()[pri:0, instance:selenium.tests.RegistrationInvalidStudent@312aa7c]" started-at="2023-01-09T17:24:05 MEZ" name="titleHeadline" finished-at="2023-01-09T17:24:05 MEZ" duration-ms="226" status="PASS">
          <reporter-output>
            <line>
              <![CDATA[Method name is - titleHeadline]]>
            </line>
            <line>
              <![CDATA[[09.01.2023 - 17:24:05] Trying to get the Text of element with the 'by' locator: By.xpath: /html/body/vaadin-vertical-layout/vaadin-vertical-layout/h1]]>
            </line>
            <line>
              <![CDATA[<a href='../../tmp/uploads/screenshots/titleHeadline-23_01_09_17_24_05_609.png'> <img src='../../tmp/uploads/screenshots/titleHeadline-23_01_09_17_24_05_609.png' height='100' width='100'/> </a>]]>
            </line>
          </reporter-output>
        </test-method> <!-- titleHeadline -->
        <test-method is-config="true" signature="tearDown()[pri:0, instance:selenium.tests.RegistrationInvalidStudent@312aa7c]" started-at="2023-01-09T17:24:05 MEZ" name="tearDown" finished-at="2023-01-09T17:24:06 MEZ" duration-ms="733" status="PASS">
          <reporter-output>
          </reporter-output>
        </test-method> <!-- tearDown -->
      </class> <!-- selenium.tests.RegistrationInvalidStudent -->
      <class name="selenium.tests.RegistrationValidStudent">
        <test-method is-config="true" signature="setup(java.lang.String)[pri:0, instance:selenium.tests.RegistrationValidStudent@72bc6553]" started-at="2023-01-09T17:24:14 MEZ" name="setup" finished-at="2023-01-09T17:24:16 MEZ" duration-ms="2306" status="PASS">
          <params>
            <param index="0">
              <value>
                <![CDATA[chrome]]>
              </value>
            </param>
          </params>
          <reporter-output>
          </reporter-output>
        </test-method> <!-- setup -->
        <test-method signature="forwardRegTest()[pri:0, instance:selenium.tests.RegistrationValidStudent@72bc6553]" started-at="2023-01-09T17:24:16 MEZ" name="forwardRegTest" finished-at="2023-01-09T17:24:19 MEZ" duration-ms="3032" status="PASS">
          <reporter-output>
            <line>
              <![CDATA[Method name is - forwardRegTest]]>
            </line>
            <line>
              <![CDATA[[09.01.2023 - 17:24:16] http://localhost:8080/login]]>
            </line>
            <line>
              <![CDATA[[09.01.2023 - 17:24:16] Trying to click on Element with the 'by' locator: By.xpath: /html/body/vaadin-vertical-layout/vaadin-button]]>
            </line>
            <line>
              <![CDATA[[09.01.2023 - 17:24:17] Trying to get the Text of element with the 'by' locator: By.xpath: /html/body/vaadin-vertical-layout/vaadin-vertical-layout/h1]]>
            </line>
            <line>
              <![CDATA[<a href='../../tmp/uploads/screenshots/forwardRegTest-23_01_09_17_24_19_591.png'> <img src='../../tmp/uploads/screenshots/forwardRegTest-23_01_09_17_24_19_591.png' height='100' width='100'/> </a>]]>
            </line>
          </reporter-output>
        </test-method> <!-- forwardRegTest -->
        <test-method signature="registrationCorrect()[pri:0, instance:selenium.tests.RegistrationValidStudent@72bc6553]" started-at="2023-01-09T17:24:19 MEZ" name="registrationCorrect" finished-at="2023-01-09T17:24:20 MEZ" duration-ms="1243" status="PASS">
          <reporter-output>
            <line>
              <![CDATA[Method name is - registrationCorrect]]>
            </line>
            <line>
              <![CDATA[[09.01.2023 - 17:24:19] Typing following text: Firstname]]>
            </line>
            <line>
              <![CDATA[[09.01.2023 - 17:24:19] Typing following text: Surname]]>
            </line>
            <line>
              <![CDATA[[09.01.2023 - 17:24:20] Typing following text: test@test.com]]>
            </line>
            <line>
              <![CDATA[[09.01.2023 - 17:24:20] Trying to click on Element with the 'by' locator: By.xpath: //vaadin-button]]>
            </line>
            <line>
              <![CDATA[[09.01.2023 - 17:24:20] Trying to get the Text of element with the 'by' locator: By.xpath: //vaadin-text-field[1]]]>
            </line>
            <line>
              <![CDATA[[09.01.2023 - 17:24:20] Trying to get the Text of element with the 'by' locator: By.xpath: //vaadin-text-field[2]]]>
            </line>
            <line>
              <![CDATA[[09.01.2023 - 17:24:20] Trying to get the Text of element with the 'by' locator: By.xpath: //vaadin-email-field]]>
            </line>
            <line>
              <![CDATA[<a href='../../tmp/uploads/screenshots/registrationCorrect-23_01_09_17_24_21_012.png'> <img src='../../tmp/uploads/screenshots/registrationCorrect-23_01_09_17_24_21_012.png' height='100' width='100'/> </a>]]>
            </line>
          </reporter-output>
        </test-method> <!-- registrationCorrect -->
        <test-method is-config="true" signature="tearDown()[pri:0, instance:selenium.tests.RegistrationValidStudent@72bc6553]" started-at="2023-01-09T17:24:21 MEZ" name="tearDown" finished-at="2023-01-09T17:24:21 MEZ" duration-ms="728" status="PASS">
          <reporter-output>
          </reporter-output>
        </test-method> <!-- tearDown -->
      </class> <!-- selenium.tests.RegistrationValidStudent -->
      <class name="selenium.tests.Tmp">
        <test-method is-config="true" signature="setup(java.lang.String)[pri:0, instance:selenium.tests.Tmp@66982506]" started-at="2023-01-09T17:24:21 MEZ" name="setup" finished-at="2023-01-09T17:24:24 MEZ" duration-ms="2439" status="PASS">
          <params>
            <param index="0">
              <value>
                <![CDATA[chrome]]>
              </value>
            </param>
          </params>
          <reporter-output>
          </reporter-output>
        </test-method> <!-- setup -->
        <test-method signature="test1()[pri:0, instance:selenium.tests.Tmp@66982506]" started-at="2023-01-09T17:24:24 MEZ" name="test1" finished-at="2023-01-09T17:24:24 MEZ" duration-ms="760" status="PASS">
          <reporter-output>
            <line>
              <![CDATA[Method name is - test1]]>
            </line>
            <line>
              <![CDATA[[09.01.2023 - 17:24:24] http://localhost:8080/login]]>
            </line>
            <line>
              <![CDATA[[09.01.2023 - 17:24:24] Typing following text: jobad@...]]>
            </line>
            <line>
              <![CDATA[<a href='../../tmp/uploads/screenshots/test1-23_01_09_17_24_25_313.png'> <img src='../../tmp/uploads/screenshots/test1-23_01_09_17_24_25_313.png' height='100' width='100'/> </a>]]>
            </line>
          </reporter-output>
        </test-method> <!-- test1 -->
        <test-method is-config="true" signature="tearDown()[pri:0, instance:selenium.tests.Tmp@66982506]" started-at="2023-01-09T17:24:25 MEZ" name="tearDown" finished-at="2023-01-09T17:24:26 MEZ" duration-ms="707" status="PASS">
          <reporter-output>
          </reporter-output>
        </test-method> <!-- tearDown -->
      </class> <!-- selenium.tests.Tmp -->
      <class name="selenium.tests.RegistrationInvalidBusiness">
        <test-method is-config="true" signature="setup(java.lang.String)[pri:0, instance:selenium.tests.RegistrationInvalidBusiness@c430e6c]" started-at="2023-01-09T17:23:40 MEZ" name="setup" finished-at="2023-01-09T17:23:45 MEZ" duration-ms="4198" status="PASS">
          <params>
            <param index="0">
              <value>
                <![CDATA[chrome]]>
              </value>
            </param>
          </params>
          <reporter-output>
          </reporter-output>
        </test-method> <!-- setup -->
        <test-method signature="registrationFailCommonPassword()[pri:0, instance:selenium.tests.RegistrationInvalidBusiness@c430e6c]" started-at="2023-01-09T17:23:45 MEZ" name="registrationFailCommonPassword" finished-at="2023-01-09T17:23:47 MEZ" duration-ms="2172" status="PASS">
          <reporter-output>
            <line>
              <![CDATA[Method name is - registrationFailCommonPassword]]>
            </line>
            <line>
              <![CDATA[[09.01.2023 - 17:23:45] Trying to click on Element with the 'by' locator: By.xpath: //vaadin-tab[2]]]>
            </line>
            <line>
              <![CDATA[[09.01.2023 - 17:23:46] Typing following text: 12345678]]>
            </line>
            <line>
              <![CDATA[[09.01.2023 - 17:23:46] Typing following text: 12345678]]>
            </line>
            <line>
              <![CDATA[[09.01.2023 - 17:23:46] Trying to click on Element with the 'by' locator: By.xpath: //vaadin-button]]>
            </line>
            <line>
              <![CDATA[[09.01.2023 - 17:23:47] Trying to get the Text of element with the 'by' locator: By.xpath: //vaadin-password-field[1]]]>
            </line>
            <line>
              <![CDATA[[09.01.2023 - 17:23:47] Trying to get the Text of element with the 'by' locator: By.xpath: //vaadin-password-field[2]]]>
            </line>
            <line>
              <![CDATA[<a href='../../tmp/uploads/screenshots/registrationFailCommonPassword-23_01_09_17_23_47_351.png'> <img src='../../tmp/uploads/screenshots/registrationFailCommonPassword-23_01_09_17_23_47_351.png' height='100' width='100'/> </a>]]>
            </line>
          </reporter-output>
        </test-method> <!-- registrationFailCommonPassword -->
        <test-method signature="registrationFailEmail()[pri:0, instance:selenium.tests.RegistrationInvalidBusiness@c430e6c]" started-at="2023-01-09T17:23:47 MEZ" name="registrationFailEmail" finished-at="2023-01-09T17:23:48 MEZ" duration-ms="917" status="PASS">
          <reporter-output>
            <line>
              <![CDATA[Method name is - registrationFailEmail]]>
            </line>
            <line>
              <![CDATA[[09.01.2023 - 17:23:47] Trying to click on Element with the 'by' locator: By.xpath: //vaadin-tab[2]]]>
            </line>
            <line>
              <![CDATA[[09.01.2023 - 17:23:47] Trying to click on Element with the 'by' locator: By.xpath: //vaadin-button]]>
            </line>
            <line>
              <![CDATA[[09.01.2023 - 17:23:48] Trying to get the Text of element with the 'by' locator: By.xpath: //vaadin-email-field]]>
            </line>
            <line>
              <![CDATA[<a href='../../tmp/uploads/screenshots/registrationFailEmail-23_01_09_17_23_48_425.png'> <img src='../../tmp/uploads/screenshots/registrationFailEmail-23_01_09_17_23_48_425.png' height='100' width='100'/> </a>]]>
            </line>
          </reporter-output>
        </test-method> <!-- registrationFailEmail -->
        <test-method signature="registrationFailName()[pri:0, instance:selenium.tests.RegistrationInvalidBusiness@c430e6c]" started-at="2023-01-09T17:23:48 MEZ" name="registrationFailName" finished-at="2023-01-09T17:23:49 MEZ" duration-ms="912" status="FAIL">
          <exception class="java.lang.AssertionError">
            <full-stacktrace>
              <![CDATA[java.lang.AssertionError
at org.junit.Assert.fail(Assert.java:87)
at org.junit.Assert.assertTrue(Assert.java:42)
at org.junit.Assert.assertTrue(Assert.java:53)
at selenium.tests.RegistrationInvalidBusiness.registrationFailName(RegistrationInvalidBusiness.java:45)
at java.base/jdk.internal.reflect.NativeMethodAccessorImpl.invoke0(Native Method)
at java.base/jdk.internal.reflect.NativeMethodAccessorImpl.invoke(NativeMethodAccessorImpl.java:62)
at java.base/jdk.internal.reflect.DelegatingMethodAccessorImpl.invoke(DelegatingMethodAccessorImpl.java:43)
at java.base/java.lang.reflect.Method.invoke(Method.java:566)
at org.testng.internal.MethodInvocationHelper.invokeMethod(MethodInvocationHelper.java:133)
at org.testng.internal.TestInvoker.invokeMethod(TestInvoker.java:584)
at org.testng.internal.TestInvoker.invokeTestMethod(TestInvoker.java:172)
at org.testng.internal.MethodRunner.runInSequence(MethodRunner.java:46)
at org.testng.internal.TestInvoker$MethodInvocationAgent.invoke(TestInvoker.java:804)
at org.testng.internal.TestInvoker.invokeTestMethods(TestInvoker.java:145)
at org.testng.internal.TestMethodWorker.invokeTestMethods(TestMethodWorker.java:146)
at org.testng.internal.TestMethodWorker.run(TestMethodWorker.java:128)
at java.base/java.util.ArrayList.forEach(ArrayList.java:1541)
at org.testng.TestRunner.privateRun(TestRunner.java:770)
at org.testng.TestRunner.run(TestRunner.java:591)
at org.testng.SuiteRunner.runTest(SuiteRunner.java:402)
at org.testng.SuiteRunner.runSequentially(SuiteRunner.java:396)
at org.testng.SuiteRunner.privateRun(SuiteRunner.java:355)
at org.testng.SuiteRunner.run(SuiteRunner.java:304)
at org.testng.SuiteRunnerWorker.runSuite(SuiteRunnerWorker.java:53)
at org.testng.SuiteRunnerWorker.run(SuiteRunnerWorker.java:96)
at org.testng.TestNG.runSuitesSequentially(TestNG.java:1180)
at org.testng.TestNG.runSuitesLocally(TestNG.java:1102)
at org.testng.TestNG.runSuites(TestNG.java:1032)
at org.testng.TestNG.run(TestNG.java:1000)
at com.intellij.rt.testng.IDEARemoteTestNG.run(IDEARemoteTestNG.java:66)
at com.intellij.rt.testng.RemoteTestNGStarter.main(RemoteTestNGStarter.java:109)
]]>
            </full-stacktrace>
          </exception> <!-- java.lang.AssertionError -->
          <reporter-output>
            <line>
              <![CDATA[Method name is - registrationFailName]]>
            </line>
            <line>
              <![CDATA[[09.01.2023 - 17:23:48] Trying to click on Element with the 'by' locator: By.xpath: //vaadin-tab[2]]]>
            </line>
            <line>
              <![CDATA[[09.01.2023 - 17:23:48] Trying to click on Element with the 'by' locator: By.xpath: //vaadin-button]]>
            </line>
            <line>
              <![CDATA[[09.01.2023 - 17:23:49] Trying to get the Text of element with the 'by' locator: By.xpath: //vaadin-text-field]]>
            </line>
            <line>
              <![CDATA[<a href='../../tmp/uploads/screenshots/registrationFailName-23_01_09_17_23_49_507.png'> <img src='../../tmp/uploads/screenshots/registrationFailName-23_01_09_17_23_49_507.png' height='100' width='100'/> </a>]]>
            </line>
          </reporter-output>
        </test-method> <!-- registrationFailName -->
        <test-method signature="registrationFailPassword()[pri:0, instance:selenium.tests.RegistrationInvalidBusiness@c430e6c]" started-at="2023-01-09T17:23:49 MEZ" name="registrationFailPassword" finished-at="2023-01-09T17:23:50 MEZ" duration-ms="956" status="PASS">
          <reporter-output>
            <line>
              <![CDATA[Method name is - registrationFailPassword]]>
            </line>
            <line>
              <![CDATA[[09.01.2023 - 17:23:49] Trying to click on Element with the 'by' locator: By.xpath: //vaadin-tab[2]]]>
            </line>
            <line>
              <![CDATA[[09.01.2023 - 17:23:49] Trying to click on Element with the 'by' locator: By.xpath: //vaadin-button]]>
            </line>
            <line>
              <![CDATA[[09.01.2023 - 17:23:50] Trying to get the Text of element with the 'by' locator: By.xpath: //vaadin-password-field[1]]]>
            </line>
            <line>
              <![CDATA[[09.01.2023 - 17:23:50] Trying to get the Text of element with the 'by' locator: By.xpath: //vaadin-password-field[2]]]>
            </line>
            <line>
              <![CDATA[<a href='../../tmp/uploads/screenshots/registrationFailPassword-23_01_09_17_23_50_617.png'> <img src='../../tmp/uploads/screenshots/registrationFailPassword-23_01_09_17_23_50_617.png' height='100' width='100'/> </a>]]>
            </line>
          </reporter-output>
        </test-method> <!-- registrationFailPassword -->
        <test-method signature="registrationFailWrongFormat()[pri:0, instance:selenium.tests.RegistrationInvalidBusiness@c430e6c]" started-at="2023-01-09T17:23:50 MEZ" name="registrationFailWrongFormat" finished-at="2023-01-09T17:23:51 MEZ" duration-ms="1081" status="PASS">
          <reporter-output>
            <line>
              <![CDATA[Method name is - registrationFailWrongFormat]]>
            </line>
            <line>
              <![CDATA[[09.01.2023 - 17:23:50] Trying to click on Element with the 'by' locator: By.xpath: //vaadin-tab[2]]]>
            </line>
            <line>
              <![CDATA[[09.01.2023 - 17:23:50] Typing following text: -]]>
            </line>
            <line>
              <![CDATA[[09.01.2023 - 17:23:50] Typing following text: 12345678]]>
            </line>
            <line>
              <![CDATA[[09.01.2023 - 17:23:51] Trying to click on Element with the 'by' locator: By.xpath: //vaadin-button]]>
            </line>
            <line>
              <![CDATA[[09.01.2023 - 17:23:51] Trying to get the Text of element with the 'by' locator: By.xpath: //vaadin-text-field]]>
            </line>
            <line>
              <![CDATA[[09.01.2023 - 17:23:51] Trying to get the Text of element with the 'by' locator: By.xpath: //vaadin-email-field]]>
            </line>
            <line>
              <![CDATA[<a href='../../tmp/uploads/screenshots/registrationFailWrongFormat-23_01_09_17_23_51_867.png'> <img src='../../tmp/uploads/screenshots/registrationFailWrongFormat-23_01_09_17_23_51_867.png' height='100' width='100'/> </a>]]>
            </line>
          </reporter-output>
        </test-method> <!-- registrationFailWrongFormat -->
        <test-method signature="registrationFailWrongFormat2()[pri:0, instance:selenium.tests.RegistrationInvalidBusiness@c430e6c]" started-at="2023-01-09T17:23:51 MEZ" name="registrationFailWrongFormat2" finished-at="2023-01-09T17:23:52 MEZ" duration-ms="1100" status="PASS">
          <reporter-output>
            <line>
              <![CDATA[Method name is - registrationFailWrongFormat2]]>
            </line>
            <line>
              <![CDATA[[09.01.2023 - 17:23:52] Trying to click on Element with the 'by' locator: By.xpath: //vaadin-tab[2]]]>
            </line>
            <line>
              <![CDATA[[09.01.2023 - 17:23:52] Typing following text: *-*]]>
            </line>
            <line>
              <![CDATA[[09.01.2023 - 17:23:52] Typing following text: name]]>
            </line>
            <line>
              <![CDATA[[09.01.2023 - 17:23:52] Trying to click on Element with the 'by' locator: By.xpath: //vaadin-button]]>
            </line>
            <line>
              <![CDATA[[09.01.2023 - 17:23:52] Trying to get the Text of element with the 'by' locator: By.xpath: //vaadin-text-field]]>
            </line>
            <line>
              <![CDATA[[09.01.2023 - 17:23:52] Trying to get the Text of element with the 'by' locator: By.xpath: //vaadin-email-field]]>
            </line>
            <line>
              <![CDATA[<a href='../../tmp/uploads/screenshots/registrationFailWrongFormat2-23_01_09_17_23_53_100.png'> <img src='../../tmp/uploads/screenshots/registrationFailWrongFormat2-23_01_09_17_23_53_100.png' height='100' width='100'/> </a>]]>
            </line>
          </reporter-output>
        </test-method> <!-- registrationFailWrongFormat2 -->
        <test-method signature="tabTest()[pri:0, instance:selenium.tests.RegistrationInvalidBusiness@c430e6c]" started-at="2023-01-09T17:23:53 MEZ" name="tabTest" finished-at="2023-01-09T17:23:53 MEZ" duration-ms="308" status="PASS">
          <reporter-output>
            <line>
              <![CDATA[Method name is - tabTest]]>
            </line>
            <line>
              <![CDATA[[09.01.2023 - 17:23:53] Trying to click on Element with the 'by' locator: By.xpath: //vaadin-tab[2]]]>
            </line>
            <line>
              <![CDATA[[09.01.2023 - 17:23:53] Trying to get the Text of element with the 'by' locator: By.xpath: //vaadin-tab[1]]]>
            </line>
            <line>
              <![CDATA[[09.01.2023 - 17:23:53] Trying to get the Text of element with the 'by' locator: By.xpath: //vaadin-tab[2]]]>
            </line>
            <line>
              <![CDATA[<a href='../../tmp/uploads/screenshots/tabTest-23_01_09_17_23_53_555.png'> <img src='../../tmp/uploads/screenshots/tabTest-23_01_09_17_23_53_555.png' height='100' width='100'/> </a>]]>
            </line>
          </reporter-output>
        </test-method> <!-- tabTest -->
        <test-method signature="titleHeadline()[pri:0, instance:selenium.tests.RegistrationInvalidBusiness@c430e6c]" started-at="2023-01-09T17:23:53 MEZ" name="titleHeadline" finished-at="2023-01-09T17:23:53 MEZ" duration-ms="305" status="PASS">
          <reporter-output>
            <line>
              <![CDATA[Method name is - titleHeadline]]>
            </line>
            <line>
              <![CDATA[[09.01.2023 - 17:23:53] Trying to click on Element with the 'by' locator: By.xpath: //vaadin-tab[2]]]>
            </line>
            <line>
              <![CDATA[[09.01.2023 - 17:23:53] Trying to get the Text of element with the 'by' locator: By.xpath: /html/body/vaadin-vertical-layout/vaadin-vertical-layout/h1]]>
            </line>
            <line>
              <![CDATA[<a href='../../tmp/uploads/screenshots/titleHeadline-23_01_09_17_23_54_004.png'> <img src='../../tmp/uploads/screenshots/titleHeadline-23_01_09_17_23_54_004.png' height='100' width='100'/> </a>]]>
            </line>
          </reporter-output>
        </test-method> <!-- titleHeadline -->
        <test-method is-config="true" signature="tearDown()[pri:0, instance:selenium.tests.RegistrationInvalidBusiness@c430e6c]" started-at="2023-01-09T17:23:54 MEZ" name="tearDown" finished-at="2023-01-09T17:23:54 MEZ" duration-ms="701" status="PASS">
          <reporter-output>
          </reporter-output>
        </test-method> <!-- tearDown -->
      </class> <!-- selenium.tests.RegistrationInvalidBusiness -->
      <class name="selenium.tests.RegistrationValidBusiness">
        <test-method is-config="true" signature="setup(java.lang.String)[pri:0, instance:selenium.tests.RegistrationValidBusiness@536f2a7e]" started-at="2023-01-09T17:24:06 MEZ" name="setup" finished-at="2023-01-09T17:24:08 MEZ" duration-ms="2621" status="PASS">
          <params>
            <param index="0">
              <value>
                <![CDATA[chrome]]>
              </value>
            </param>
          </params>
          <reporter-output>
          </reporter-output>
        </test-method> <!-- setup -->
        <test-method signature="forwardRegTest()[pri:0, instance:selenium.tests.RegistrationValidBusiness@536f2a7e]" started-at="2023-01-09T17:24:08 MEZ" name="forwardRegTest" finished-at="2023-01-09T17:24:10 MEZ" duration-ms="1105" status="PASS">
          <reporter-output>
            <line>
              <![CDATA[Method name is - forwardRegTest]]>
            </line>
            <line>
              <![CDATA[[09.01.2023 - 17:24:08] http://localhost:8080/login]]>
            </line>
            <line>
              <![CDATA[[09.01.2023 - 17:24:09] Trying to click on Element with the 'by' locator: By.xpath: /html/body/vaadin-vertical-layout/vaadin-button]]>
            </line>
            <line>
              <![CDATA[[09.01.2023 - 17:24:09] Trying to get the Text of element with the 'by' locator: By.xpath: /html/body/vaadin-vertical-layout/vaadin-vertical-layout/h1]]>
            </line>
            <line>
              <![CDATA[<a href='../../tmp/uploads/screenshots/forwardRegTest-23_01_09_17_24_10_521.png'> <img src='../../tmp/uploads/screenshots/forwardRegTest-23_01_09_17_24_10_521.png' height='100' width='100'/> </a>]]>
            </line>
          </reporter-output>
        </test-method> <!-- forwardRegTest -->
        <test-method signature="registrationCorrect()[pri:0, instance:selenium.tests.RegistrationValidBusiness@536f2a7e]" started-at="2023-01-09T17:24:10 MEZ" name="registrationCorrect" finished-at="2023-01-09T17:24:11 MEZ" duration-ms="1091" status="PASS">
          <reporter-output>
            <line>
              <![CDATA[Method name is - registrationCorrect]]>
            </line>
            <line>
              <![CDATA[[09.01.2023 - 17:24:10] Trying to click on Element with the 'by' locator: By.xpath: //vaadin-tab[2]]]>
            </line>
            <line>
              <![CDATA[[09.01.2023 - 17:24:10] Typing following text: Business]]>
            </line>
            <line>
              <![CDATA[[09.01.2023 - 17:24:10] Typing following text: test@test.com]]>
            </line>
            <line>
              <![CDATA[[09.01.2023 - 17:24:10] Trying to click on Element with the 'by' locator: By.xpath: //vaadin-button]]>
            </line>
            <line>
              <![CDATA[[09.01.2023 - 17:24:11] Trying to get the Text of element with the 'by' locator: By.xpath: //vaadin-text-field]]>
            </line>
            <line>
              <![CDATA[[09.01.2023 - 17:24:11] Trying to get the Text of element with the 'by' locator: By.xpath: //vaadin-email-field]]>
            </line>
            <line>
              <![CDATA[<a href='../../tmp/uploads/screenshots/registrationCorrect-23_01_09_17_24_11_760.png'> <img src='../../tmp/uploads/screenshots/registrationCorrect-23_01_09_17_24_11_760.png' height='100' width='100'/> </a>]]>
            </line>
          </reporter-output>
        </test-method> <!-- registrationCorrect -->
        <test-method signature="registrationCorrectFormat()[pri:0, instance:selenium.tests.RegistrationValidBusiness@536f2a7e]" started-at="2023-01-09T17:24:11 MEZ" name="registrationCorrectFormat" finished-at="2023-01-09T17:24:12 MEZ" duration-ms="1070" status="PASS">
          <reporter-output>
            <line>
              <![CDATA[Method name is - registrationCorrectFormat]]>
            </line>
            <line>
              <![CDATA[[09.01.2023 - 17:24:11] Trying to click on Element with the 'by' locator: By.xpath: //vaadin-tab[2]]]>
            </line>
            <line>
              <![CDATA[[09.01.2023 - 17:24:11] Typing following text: Business]]>
            </line>
            <line>
              <![CDATA[[09.01.2023 - 17:24:12] Typing following text: test@test.com]]>
            </line>
            <line>
              <![CDATA[[09.01.2023 - 17:24:12] Trying to click on Element with the 'by' locator: By.xpath: //vaadin-button]]>
            </line>
            <line>
              <![CDATA[[09.01.2023 - 17:24:12] Trying to get the Text of element with the 'by' locator: By.xpath: //vaadin-text-field]]>
            </line>
            <line>
              <![CDATA[[09.01.2023 - 17:24:12] Trying to get the Text of element with the 'by' locator: By.xpath: //vaadin-email-field]]>
            </line>
            <line>
              <![CDATA[<a href='../../tmp/uploads/screenshots/registrationCorrectFormat-23_01_09_17_24_12_953.png'> <img src='../../tmp/uploads/screenshots/registrationCorrectFormat-23_01_09_17_24_12_953.png' height='100' width='100'/> </a>]]>
            </line>
          </reporter-output>
        </test-method> <!-- registrationCorrectFormat -->
        <test-method signature="tabTest()[pri:0, instance:selenium.tests.RegistrationValidBusiness@536f2a7e]" started-at="2023-01-09T17:24:12 MEZ" name="tabTest" finished-at="2023-01-09T17:24:13 MEZ" duration-ms="322" status="PASS">
          <reporter-output>
            <line>
              <![CDATA[Method name is - tabTest]]>
            </line>
            <line>
              <![CDATA[[09.01.2023 - 17:24:13] Trying to click on Element with the 'by' locator: By.xpath: //vaadin-tab[2]]]>
            </line>
            <line>
              <![CDATA[[09.01.2023 - 17:24:13] Trying to get the Text of element with the 'by' locator: By.xpath: //vaadin-tab[1]]]>
            </line>
            <line>
              <![CDATA[[09.01.2023 - 17:24:13] Trying to get the Text of element with the 'by' locator: By.xpath: //vaadin-tab[2]]]>
            </line>
            <line>
              <![CDATA[<a href='../../tmp/uploads/screenshots/tabTest-23_01_09_17_24_13_427.png'> <img src='../../tmp/uploads/screenshots/tabTest-23_01_09_17_24_13_427.png' height='100' width='100'/> </a>]]>
            </line>
          </reporter-output>
        </test-method> <!-- tabTest -->
        <test-method is-config="true" signature="tearDown()[pri:0, instance:selenium.tests.RegistrationValidBusiness@536f2a7e]" started-at="2023-01-09T17:24:13 MEZ" name="tearDown" finished-at="2023-01-09T17:24:14 MEZ" duration-ms="698" status="PASS">
          <reporter-output>
          </reporter-output>
        </test-method> <!-- tearDown -->
      </class> <!-- selenium.tests.RegistrationValidBusiness -->
    </test> <!-- Rabbyte Selenium -->
  </suite> <!-- Rabbyte Automation Test -->
</testng-results>
